<?xml version="1.0" encoding="UTF-8"?>
<!-- Generated by org.testng.reporters.JUnitReportReporter -->
<testsuite skipped="0" hostname="LAPTOP-FRG64D42" name="testcases.ValidateToolBarIcons" tests="1" failures="0" timestamp="19 Dec 2021 17:37:22 GMT" time="0.002" errors="0">
  <testcase name="f" time="0.002" classname="testcases.ValidateToolBarIcons"/>
</testsuite> <!-- testcases.ValidateToolBarIcons -->
